<?xml version="1.0" encoding="UTF-8"?>
<coverage generated="1567300180641" clover="3.2.0">
  <project timestamp="1567300180641" name="All files">
    <metrics statements="64" coveredstatements="63" conditionals="10" coveredconditionals="8" methods="5" coveredmethods="5" elements="79" coveredelements="76" complexity="0" loc="64" ncloc="64" packages="1" files="2" classes="2"/>
    <file name="Review.jsx" path="/Users/user01/Desktop/git_tutorial/work/Reviews/client/src/components/Review.jsx">
      <metrics statements="58" coveredstatements="57" conditionals="8" coveredconditionals="7" methods="3" coveredmethods="3"/>
      <line num="5" count="1" type="stmt"/>
      <line num="8" count="1" type="stmt"/>
      <line num="12" count="1" type="stmt"/>
      <line num="17" count="1" type="stmt"/>
      <line num="19" count="1" type="stmt"/>
      <line num="25" count="1" type="stmt"/>
      <line num="27" count="1" type="stmt"/>
      <line num="33" count="1" type="stmt"/>
      <line num="35" count="1" type="stmt"/>
      <line num="40" count="1" type="stmt"/>
      <line num="42" count="1" type="stmt"/>
      <line num="47" count="1" type="stmt"/>
      <line num="49" count="1" type="stmt"/>
      <line num="54" count="1" type="stmt"/>
      <line num="56" count="1" type="stmt"/>
      <line num="60" count="1" type="stmt"/>
      <line num="62" count="1" type="stmt"/>
      <line num="66" count="1" type="stmt"/>
      <line num="68" count="1" type="stmt"/>
      <line num="72" count="1" type="stmt"/>
      <line num="74" count="1" type="stmt"/>
      <line num="77" count="1" type="stmt"/>
      <line num="79" count="1" type="stmt"/>
      <line num="82" count="1" type="stmt"/>
      <line num="84" count="1" type="stmt"/>
      <line num="89" count="1" type="stmt"/>
      <line num="91" count="1" type="stmt"/>
      <line num="95" count="1" type="stmt"/>
      <line num="97" count="1" type="stmt"/>
      <line num="101" count="1" type="stmt"/>
      <line num="103" count="1" type="stmt"/>
      <line num="107" count="1" type="stmt"/>
      <line num="109" count="1" type="stmt"/>
      <line num="113" count="1" type="stmt"/>
      <line num="115" count="1" type="stmt"/>
      <line num="120" count="1" type="stmt"/>
      <line num="122" count="1" type="stmt"/>
      <line num="130" count="1" type="stmt"/>
      <line num="132" count="1" type="stmt"/>
      <line num="135" count="21" type="stmt"/>
      <line num="136" count="21" type="stmt"/>
      <line num="137" count="21" type="cond" truecount="2" falsecount="0"/>
      <line num="138" count="19" type="stmt"/>
      <line num="140" count="21" type="stmt"/>
      <line num="141" count="21" type="cond" truecount="2" falsecount="0"/>
      <line num="142" count="13" type="stmt"/>
      <line num="143" count="39" type="stmt"/>
      <line num="150" count="21" type="cond" truecount="1" falsecount="1"/>
      <line num="151" count="0" type="stmt"/>
      <line num="153" count="21" type="stmt"/>
      <line num="154" count="105" type="cond" truecount="2" falsecount="0"/>
      <line num="155" count="84" type="stmt"/>
      <line num="159" count="21" type="stmt"/>
      <line num="165" count="21" type="stmt"/>
      <line num="166" count="21" type="stmt"/>
      <line num="167" count="21" type="stmt"/>
      <line num="169" count="21" type="stmt"/>
      <line num="224" count="1" type="stmt"/>
    </file>
    <file name="ReviewList.jsx" path="/Users/user01/Desktop/git_tutorial/work/Reviews/client/src/components/ReviewList.jsx">
      <metrics statements="6" coveredstatements="6" conditionals="2" coveredconditionals="1" methods="2" coveredmethods="2"/>
      <line num="5" count="1" type="stmt"/>
      <line num="6" count="2" type="stmt"/>
      <line num="7" count="2" type="cond" truecount="1" falsecount="1"/>
      <line num="8" count="2" type="stmt"/>
      <line num="9" count="4" type="stmt"/>
      <line num="13" count="2" type="stmt"/>
    </file>
  </project>
</coverage>
