<?xml version="1.0" encoding="UTF-8"?>
<coverage generated="1567299700861" clover="3.2.0">
  <project timestamp="1567299700861" name="All files">
    <metrics statements="62" coveredstatements="61" conditionals="10" coveredconditionals="8" methods="5" coveredmethods="5" elements="77" coveredelements="74" complexity="0" loc="62" ncloc="62" packages="1" files="2" classes="2"/>
    <file name="Review.jsx" path="/Users/user01/Desktop/git_tutorial/work/Reviews/client/src/components/Review.jsx">
      <metrics statements="56" coveredstatements="55" conditionals="8" coveredconditionals="7" methods="3" coveredmethods="3"/>
      <line num="5" count="1" type="stmt"/>
      <line num="8" count="21" type="stmt"/>
      <line num="9" count="21" type="stmt"/>
      <line num="10" count="21" type="cond" truecount="2" falsecount="0"/>
      <line num="11" count="19" type="stmt"/>
      <line num="13" count="21" type="stmt"/>
      <line num="14" count="21" type="cond" truecount="2" falsecount="0"/>
      <line num="15" count="13" type="stmt"/>
      <line num="16" count="39" type="stmt"/>
      <line num="23" count="21" type="cond" truecount="1" falsecount="1"/>
      <line num="24" count="0" type="stmt"/>
      <line num="26" count="21" type="stmt"/>
      <line num="29" count="21" type="stmt"/>
      <line num="30" count="105" type="cond" truecount="2" falsecount="0"/>
      <line num="31" count="84" type="stmt"/>
      <line num="37" count="21" type="stmt"/>
      <line num="42" count="21" type="stmt"/>
      <line num="44" count="21" type="stmt"/>
      <line num="50" count="21" type="stmt"/>
      <line num="52" count="21" type="stmt"/>
      <line num="58" count="21" type="stmt"/>
      <line num="60" count="21" type="stmt"/>
      <line num="65" count="21" type="stmt"/>
      <line num="67" count="21" type="stmt"/>
      <line num="72" count="21" type="stmt"/>
      <line num="74" count="21" type="stmt"/>
      <line num="79" count="21" type="stmt"/>
      <line num="81" count="21" type="stmt"/>
      <line num="85" count="21" type="stmt"/>
      <line num="87" count="21" type="stmt"/>
      <line num="91" count="21" type="stmt"/>
      <line num="93" count="21" type="stmt"/>
      <line num="97" count="21" type="stmt"/>
      <line num="99" count="21" type="stmt"/>
      <line num="102" count="21" type="stmt"/>
      <line num="104" count="21" type="stmt"/>
      <line num="107" count="21" type="stmt"/>
      <line num="109" count="21" type="stmt"/>
      <line num="114" count="21" type="stmt"/>
      <line num="116" count="21" type="stmt"/>
      <line num="120" count="21" type="stmt"/>
      <line num="122" count="21" type="stmt"/>
      <line num="126" count="21" type="stmt"/>
      <line num="128" count="21" type="stmt"/>
      <line num="132" count="21" type="stmt"/>
      <line num="134" count="21" type="stmt"/>
      <line num="138" count="21" type="stmt"/>
      <line num="140" count="21" type="stmt"/>
      <line num="145" count="21" type="stmt"/>
      <line num="147" count="21" type="stmt"/>
      <line num="155" count="21" type="stmt"/>
      <line num="157" count="21" type="stmt"/>
      <line num="158" count="21" type="stmt"/>
      <line num="159" count="21" type="stmt"/>
      <line num="161" count="21" type="stmt"/>
      <line num="216" count="1" type="stmt"/>
    </file>
    <file name="ReviewList.jsx" path="/Users/user01/Desktop/git_tutorial/work/Reviews/client/src/components/ReviewList.jsx">
      <metrics statements="6" coveredstatements="6" conditionals="2" coveredconditionals="1" methods="2" coveredmethods="2"/>
      <line num="5" count="1" type="stmt"/>
      <line num="6" count="2" type="stmt"/>
      <line num="7" count="2" type="cond" truecount="1" falsecount="1"/>
      <line num="8" count="2" type="stmt"/>
      <line num="9" count="4" type="stmt"/>
      <line num="13" count="2" type="stmt"/>
    </file>
  </project>
</coverage>
