{"/Users/user01/Desktop/git_tutorial/work/Reviews/client/src/components/Review.jsx": {"path":"/Users/user01/Desktop/git_tutorial/work/Reviews/client/src/components/Review.jsx","statementMap":{"0":{"start":{"line":5,"column":15},"end":{"line":214,"column":1}},"1":{"start":{"line":8,"column":6},"end":{"line":8,"column":18}},"2":{"start":{"line":9,"column":23},"end":{"line":9,"column":47}},"3":{"start":{"line":10,"column":2},"end":{"line":12,"column":3}},"4":{"start":{"line":11,"column":4},"end":{"line":11,"column":69}},"5":{"start":{"line":13,"column":19},"end":{"line":13,"column":31}},"6":{"start":{"line":14,"column":2},"end":{"line":22,"column":3}},"7":{"start":{"line":15,"column":4},"end":{"line":21,"column":7}},"8":{"start":{"line":16,"column":6},"end":{"line":20,"column":8}},"9":{"start":{"line":23,"column":2},"end":{"line":25,"column":3}},"10":{"start":{"line":24,"column":4},"end":{"line":24,"column":16}},"11":{"start":{"line":26,"column":15},"end":{"line":28,"column":3}},"12":{"start":{"line":29,"column":21},"end":{"line":35,"column":4}},"13":{"start":{"line":30,"column":4},"end":{"line":34,"column":5}},"14":{"start":{"line":31,"column":6},"end":{"line":33,"column":8}},"15":{"start":{"line":37,"column":26},"end":{"line":41,"column":3}},"16":{"start":{"line":42,"column":2},"end":{"line":42,"column":50}},"17":{"start":{"line":44,"column":19},"end":{"line":49,"column":3}},"18":{"start":{"line":50,"column":2},"end":{"line":50,"column":36}},"19":{"start":{"line":52,"column":21},"end":{"line":57,"column":3}},"20":{"start":{"line":58,"column":2},"end":{"line":58,"column":40}},"21":{"start":{"line":60,"column":21},"end":{"line":64,"column":3}},"22":{"start":{"line":65,"column":2},"end":{"line":65,"column":40}},"23":{"start":{"line":67,"column":27},"end":{"line":71,"column":3}},"24":{"start":{"line":72,"column":2},"end":{"line":72,"column":52}},"25":{"start":{"line":74,"column":23},"end":{"line":78,"column":3}},"26":{"start":{"line":79,"column":2},"end":{"line":79,"column":44}},"27":{"start":{"line":81,"column":24},"end":{"line":84,"column":3}},"28":{"start":{"line":85,"column":2},"end":{"line":85,"column":46}},"29":{"start":{"line":87,"column":21},"end":{"line":90,"column":3}},"30":{"start":{"line":91,"column":2},"end":{"line":91,"column":40}},"31":{"start":{"line":93,"column":32},"end":{"line":96,"column":3}},"32":{"start":{"line":97,"column":2},"end":{"line":97,"column":62}},"33":{"start":{"line":99,"column":26},"end":{"line":101,"column":3}},"34":{"start":{"line":102,"column":2},"end":{"line":102,"column":50}},"35":{"start":{"line":104,"column":30},"end":{"line":106,"column":3}},"36":{"start":{"line":107,"column":2},"end":{"line":107,"column":58}},"37":{"start":{"line":109,"column":25},"end":{"line":113,"column":3}},"38":{"start":{"line":114,"column":2},"end":{"line":114,"column":48}},"39":{"start":{"line":116,"column":26},"end":{"line":119,"column":3}},"40":{"start":{"line":120,"column":2},"end":{"line":120,"column":50}},"41":{"start":{"line":122,"column":27},"end":{"line":125,"column":3}},"42":{"start":{"line":126,"column":2},"end":{"line":126,"column":52}},"43":{"start":{"line":128,"column":28},"end":{"line":131,"column":3}},"44":{"start":{"line":132,"column":2},"end":{"line":132,"column":54}},"45":{"start":{"line":134,"column":27},"end":{"line":137,"column":3}},"46":{"start":{"line":138,"column":2},"end":{"line":138,"column":52}},"47":{"start":{"line":140,"column":29},"end":{"line":144,"column":3}},"48":{"start":{"line":145,"column":2},"end":{"line":145,"column":56}},"49":{"start":{"line":147,"column":17},"end":{"line":154,"column":3}},"50":{"start":{"line":155,"column":2},"end":{"line":155,"column":32}},"51":{"start":{"line":157,"column":21},"end":{"line":157,"column":40}},"52":{"start":{"line":158,"column":20},"end":{"line":158,"column":37}},"53":{"start":{"line":159,"column":19},"end":{"line":159,"column":34}},"54":{"start":{"line":161,"column":2},"end":{"line":213,"column":4}},"55":{"start":{"line":216,"column":0},"end":{"line":235,"column":2}}},"fnMap":{"0":{"name":"(anonymous_0)","decl":{"start":{"line":5,"column":15},"end":{"line":5,"column":16}},"loc":{"start":{"line":5,"column":26},"end":{"line":214,"column":1}},"line":5},"1":{"name":"(anonymous_1)","decl":{"start":{"line":15,"column":37},"end":{"line":15,"column":38}},"loc":{"start":{"line":16,"column":6},"end":{"line":20,"column":8}},"line":16},"2":{"name":"(anonymous_2)","decl":{"start":{"line":29,"column":37},"end":{"line":29,"column":38}},"loc":{"start":{"line":29,"column":49},"end":{"line":35,"column":3}},"line":29}},"branchMap":{"0":{"loc":{"start":{"line":10,"column":2},"end":{"line":12,"column":3}},"type":"if","locations":[{"start":{"line":10,"column":2},"end":{"line":12,"column":3}},{"start":{"line":10,"column":2},"end":{"line":12,"column":3}}],"line":10},"1":{"loc":{"start":{"line":14,"column":2},"end":{"line":22,"column":3}},"type":"if","locations":[{"start":{"line":14,"column":2},"end":{"line":22,"column":3}},{"start":{"line":14,"column":2},"end":{"line":22,"column":3}}],"line":14},"2":{"loc":{"start":{"line":23,"column":2},"end":{"line":25,"column":3}},"type":"if","locations":[{"start":{"line":23,"column":2},"end":{"line":25,"column":3}},{"start":{"line":23,"column":2},"end":{"line":25,"column":3}}],"line":23},"3":{"loc":{"start":{"line":30,"column":4},"end":{"line":34,"column":5}},"type":"if","locations":[{"start":{"line":30,"column":4},"end":{"line":34,"column":5}},{"start":{"line":30,"column":4},"end":{"line":34,"column":5}}],"line":30}},"s":{"0":1,"1":21,"2":21,"3":21,"4":19,"5":21,"6":21,"7":13,"8":39,"9":21,"10":0,"11":21,"12":21,"13":105,"14":84,"15":21,"16":21,"17":21,"18":21,"19":21,"20":21,"21":21,"22":21,"23":21,"24":21,"25":21,"26":21,"27":21,"28":21,"29":21,"30":21,"31":21,"32":21,"33":21,"34":21,"35":21,"36":21,"37":21,"38":21,"39":21,"40":21,"41":21,"42":21,"43":21,"44":21,"45":21,"46":21,"47":21,"48":21,"49":21,"50":21,"51":21,"52":21,"53":21,"54":21,"55":1},"f":{"0":21,"1":39,"2":105},"b":{"0":[19,2],"1":[13,8],"2":[0,21],"3":[84,21]},"_coverageSchema":"43e27e138ebf9cfc5966b082cf9a028302ed4184","hash":"a4ee878474a9d31a5bd4900875deb00f2f82f82e"}
,"/Users/user01/Desktop/git_tutorial/work/Reviews/client/src/components/ReviewList.jsx": {"path":"/Users/user01/Desktop/git_tutorial/work/Reviews/client/src/components/ReviewList.jsx","statementMap":{"0":{"start":{"line":5,"column":19},"end":{"line":18,"column":1}},"1":{"start":{"line":6,"column":16},"end":{"line":6,"column":29}},"2":{"start":{"line":7,"column":2},"end":{"line":11,"column":3}},"3":{"start":{"line":8,"column":4},"end":{"line":10,"column":7}},"4":{"start":{"line":9,"column":6},"end":{"line":9,"column":60}},"5":{"start":{"line":13,"column":2},"end":{"line":17,"column":4}}},"fnMap":{"0":{"name":"(anonymous_0)","decl":{"start":{"line":5,"column":19},"end":{"line":5,"column":20}},"loc":{"start":{"line":5,"column":30},"end":{"line":18,"column":1}},"line":5},"1":{"name":"(anonymous_1)","decl":{"start":{"line":8,"column":26},"end":{"line":8,"column":27}},"loc":{"start":{"line":9,"column":6},"end":{"line":9,"column":60}},"line":9}},"branchMap":{"0":{"loc":{"start":{"line":7,"column":2},"end":{"line":11,"column":3}},"type":"if","locations":[{"start":{"line":7,"column":2},"end":{"line":11,"column":3}},{"start":{"line":7,"column":2},"end":{"line":11,"column":3}}],"line":7}},"s":{"0":1,"1":2,"2":2,"3":2,"4":4,"5":2},"f":{"0":2,"1":4},"b":{"0":[2,0]},"_coverageSchema":"43e27e138ebf9cfc5966b082cf9a028302ed4184","hash":"abd8b3d480b3c481270492a93a2643c4798c1064"}
}
