{"/Users/user01/Desktop/git_tutorial/work/Reviews/client/src/components/Review.jsx": {"path":"/Users/user01/Desktop/git_tutorial/work/Reviews/client/src/components/Review.jsx","statementMap":{"0":{"start":{"line":4,"column":15},"end":{"line":95,"column":1}},"1":{"start":{"line":7,"column":6},"end":{"line":7,"column":18}},"2":{"start":{"line":8,"column":23},"end":{"line":8,"column":47}},"3":{"start":{"line":9,"column":2},"end":{"line":11,"column":3}},"4":{"start":{"line":10,"column":4},"end":{"line":10,"column":69}},"5":{"start":{"line":12,"column":19},"end":{"line":12,"column":31}},"6":{"start":{"line":13,"column":2},"end":{"line":13,"column":22}},"7":{"start":{"line":14,"column":2},"end":{"line":22,"column":3}},"8":{"start":{"line":15,"column":4},"end":{"line":21,"column":7}},"9":{"start":{"line":16,"column":6},"end":{"line":20,"column":8}},"10":{"start":{"line":23,"column":2},"end":{"line":25,"column":3}},"11":{"start":{"line":24,"column":4},"end":{"line":24,"column":16}},"12":{"start":{"line":26,"column":21},"end":{"line":36,"column":4}},"13":{"start":{"line":27,"column":4},"end":{"line":35,"column":5}},"14":{"start":{"line":28,"column":6},"end":{"line":30,"column":8}},"15":{"start":{"line":32,"column":6},"end":{"line":34,"column":8}},"16":{"start":{"line":37,"column":21},"end":{"line":37,"column":40}},"17":{"start":{"line":38,"column":20},"end":{"line":38,"column":37}},"18":{"start":{"line":39,"column":19},"end":{"line":39,"column":34}},"19":{"start":{"line":41,"column":2},"end":{"line":94,"column":4}},"20":{"start":{"line":97,"column":0},"end":{"line":116,"column":2}}},"fnMap":{"0":{"name":"(anonymous_0)","decl":{"start":{"line":4,"column":15},"end":{"line":4,"column":16}},"loc":{"start":{"line":4,"column":26},"end":{"line":95,"column":1}},"line":4},"1":{"name":"(anonymous_1)","decl":{"start":{"line":15,"column":37},"end":{"line":15,"column":38}},"loc":{"start":{"line":16,"column":6},"end":{"line":20,"column":8}},"line":16},"2":{"name":"(anonymous_2)","decl":{"start":{"line":26,"column":37},"end":{"line":26,"column":38}},"loc":{"start":{"line":26,"column":49},"end":{"line":36,"column":3}},"line":26}},"branchMap":{"0":{"loc":{"start":{"line":9,"column":2},"end":{"line":11,"column":3}},"type":"if","locations":[{"start":{"line":9,"column":2},"end":{"line":11,"column":3}},{"start":{"line":9,"column":2},"end":{"line":11,"column":3}}],"line":9},"1":{"loc":{"start":{"line":14,"column":2},"end":{"line":22,"column":3}},"type":"if","locations":[{"start":{"line":14,"column":2},"end":{"line":22,"column":3}},{"start":{"line":14,"column":2},"end":{"line":22,"column":3}}],"line":14},"2":{"loc":{"start":{"line":23,"column":2},"end":{"line":25,"column":3}},"type":"if","locations":[{"start":{"line":23,"column":2},"end":{"line":25,"column":3}},{"start":{"line":23,"column":2},"end":{"line":25,"column":3}}],"line":23},"3":{"loc":{"start":{"line":27,"column":4},"end":{"line":35,"column":5}},"type":"if","locations":[{"start":{"line":27,"column":4},"end":{"line":35,"column":5}},{"start":{"line":27,"column":4},"end":{"line":35,"column":5}}],"line":27}},"s":{"0":1,"1":22,"2":22,"3":22,"4":20,"5":22,"6":22,"7":22,"8":14,"9":42,"10":22,"11":0,"12":22,"13":110,"14":88,"15":22,"16":22,"17":22,"18":22,"19":22,"20":1},"f":{"0":22,"1":42,"2":110},"b":{"0":[20,2],"1":[14,8],"2":[0,22],"3":[88,22]},"_coverageSchema":"43e27e138ebf9cfc5966b082cf9a028302ed4184","hash":"0eee3b93a55987e44fc03c6f9c7a8ee0fe23926e"}
,"/Users/user01/Desktop/git_tutorial/work/Reviews/client/src/components/ReviewList.jsx": {"path":"/Users/user01/Desktop/git_tutorial/work/Reviews/client/src/components/ReviewList.jsx","statementMap":{"0":{"start":{"line":4,"column":19},"end":{"line":17,"column":1}},"1":{"start":{"line":5,"column":16},"end":{"line":5,"column":29}},"2":{"start":{"line":6,"column":2},"end":{"line":10,"column":3}},"3":{"start":{"line":7,"column":4},"end":{"line":9,"column":7}},"4":{"start":{"line":8,"column":6},"end":{"line":8,"column":60}},"5":{"start":{"line":12,"column":2},"end":{"line":16,"column":4}}},"fnMap":{"0":{"name":"(anonymous_0)","decl":{"start":{"line":4,"column":19},"end":{"line":4,"column":20}},"loc":{"start":{"line":4,"column":30},"end":{"line":17,"column":1}},"line":4},"1":{"name":"(anonymous_1)","decl":{"start":{"line":7,"column":26},"end":{"line":7,"column":27}},"loc":{"start":{"line":8,"column":6},"end":{"line":8,"column":60}},"line":8}},"branchMap":{"0":{"loc":{"start":{"line":6,"column":2},"end":{"line":10,"column":3}},"type":"if","locations":[{"start":{"line":6,"column":2},"end":{"line":10,"column":3}},{"start":{"line":6,"column":2},"end":{"line":10,"column":3}}],"line":6}},"s":{"0":1,"1":2,"2":2,"3":2,"4":4,"5":2},"f":{"0":2,"1":4},"b":{"0":[2,0]},"_coverageSchema":"43e27e138ebf9cfc5966b082cf9a028302ed4184","hash":"676fcf59bf9dd9f3fa8d2ffc5b9c9ed2fe4c67f8"}
}
