TN:
SF:/Users/user01/Desktop/git_tutorial/work/Reviews/client/src/components/Review.jsx
FN:4,(anonymous_0)
FN:15,(anonymous_1)
FN:26,(anonymous_2)
FNF:3
FNH:3
FNDA:22,(anonymous_0)
FNDA:42,(anonymous_1)
FNDA:110,(anonymous_2)
DA:4,1
DA:7,22
DA:8,22
DA:9,22
DA:10,20
DA:12,22
DA:13,22
DA:14,22
DA:15,14
DA:16,42
DA:23,22
DA:24,0
DA:26,22
DA:27,110
DA:28,88
DA:32,22
DA:37,22
DA:38,22
DA:39,22
DA:41,22
DA:97,1
LF:21
LH:20
BRDA:9,0,0,20
BRDA:9,0,1,2
BRDA:14,1,0,14
BRDA:14,1,1,8
BRDA:23,2,0,0
BRDA:23,2,1,22
BRDA:27,3,0,88
BRDA:27,3,1,22
BRF:8
BRH:7
end_of_record
TN:
SF:/Users/user01/Desktop/git_tutorial/work/Reviews/client/src/components/ReviewList.jsx
FN:4,(anonymous_0)
FN:7,(anonymous_1)
FNF:2
FNH:2
FNDA:2,(anonymous_0)
FNDA:4,(anonymous_1)
DA:4,1
DA:5,2
DA:6,2
DA:7,2
DA:8,4
DA:12,2
LF:6
LH:6
BRDA:6,0,0,2
BRDA:6,0,1,0
BRF:2
BRH:1
end_of_record
