TN:
SF:/Users/user01/Desktop/git_tutorial/work/Reviews/client/src/components/Review.jsx
FN:5,(anonymous_0)
FN:15,(anonymous_1)
FN:29,(anonymous_2)
FNF:3
FNH:3
FNDA:21,(anonymous_0)
FNDA:39,(anonymous_1)
FNDA:105,(anonymous_2)
DA:5,1
DA:8,21
DA:9,21
DA:10,21
DA:11,19
DA:13,21
DA:14,21
DA:15,13
DA:16,39
DA:23,21
DA:24,0
DA:26,21
DA:29,21
DA:30,105
DA:31,84
DA:37,21
DA:42,21
DA:44,21
DA:50,21
DA:52,21
DA:58,21
DA:60,21
DA:65,21
DA:67,21
DA:72,21
DA:74,21
DA:79,21
DA:81,21
DA:85,21
DA:87,21
DA:91,21
DA:93,21
DA:97,21
DA:99,21
DA:102,21
DA:104,21
DA:107,21
DA:109,21
DA:114,21
DA:116,21
DA:120,21
DA:122,21
DA:126,21
DA:128,21
DA:132,21
DA:134,21
DA:138,21
DA:140,21
DA:145,21
DA:147,21
DA:155,21
DA:157,21
DA:158,21
DA:159,21
DA:161,21
DA:216,1
LF:56
LH:55
BRDA:10,0,0,19
BRDA:10,0,1,2
BRDA:14,1,0,13
BRDA:14,1,1,8
BRDA:23,2,0,0
BRDA:23,2,1,21
BRDA:30,3,0,84
BRDA:30,3,1,21
BRF:8
BRH:7
end_of_record
TN:
SF:/Users/user01/Desktop/git_tutorial/work/Reviews/client/src/components/ReviewList.jsx
FN:5,(anonymous_0)
FN:8,(anonymous_1)
FNF:2
FNH:2
FNDA:2,(anonymous_0)
FNDA:4,(anonymous_1)
DA:5,1
DA:6,2
DA:7,2
DA:8,2
DA:9,4
DA:13,2
LF:6
LH:6
BRDA:7,0,0,2
BRDA:7,0,1,0
BRF:2
BRH:1
end_of_record
